Defaulting to user installation because normal site-packages is not writeable
Requirement already satisfied: pip in /Users/kkim/Library/Python/3.8/lib/python/site-packages (23.0)
Requirement already satisfied: pip in /Users/kkim/Library/Python/3.8/lib/python/site-packages (23.0)
Requirement already satisfied: virtualenv in /Users/kkim/Library/Python/3.8/lib/python/site-packages (20.17.1)
Requirement already satisfied: platformdirs<3,>=2.4 in /Users/kkim/Library/Python/3.8/lib/python/site-packages (from virtualenv) (2.6.2)
Requirement already satisfied: filelock<4,>=3.4.1 in /Users/kkim/Library/Python/3.8/lib/python/site-packages (from virtualenv) (3.9.0)
Requirement already satisfied: distlib<1,>=0.3.6 in /Users/kkim/Library/Python/3.8/lib/python/site-packages (from virtualenv) (0.3.6)
created virtual environment CPython3.8.2.final.0-64 in 2982ms
  creator CPython3macOsFramework(dest=/Users/kkim/42/3_total_perspective_vortex/kkim/ft_env, clear=False, no_vcs_ignore=False, global=False)
  seeder FromAppData(download=False, pip=bundle, setuptools=bundle, wheel=bundle, via=copy, app_data_dir=/Users/kkim/Library/Application Support/virtualenv)
    added seed packages: Jinja2==3.1.2, MarkupSafe==2.1.2, Pillow==9.4.0, appdirs==1.4.4, certifi==2022.12.7, charset_normalizer==3.0.1, contourpy==1.0.7, cycler==0.11.0, decorator==5.1.1, fonttools==4.38.0, idna==3.4, kiwisolver==1.4.4, matplotlib==3.6.3, mne==1.3.0, numpy==1.24.2, packaging==23.0, pandas==1.5.3, pip==22.3.1, pooch==1.6.0, pyparsing==3.0.9, python_dateutil==2.8.2, pytz==2022.7.1, requests==2.28.2, scipy==1.10.0, setuptools==65.6.3, six==1.16.0, sklearn==0.0.post1, tqdm==4.64.1, urllib3==1.26.14, wheel==0.38.4
  activators BashActivator,CShellActivator,FishActivator,NushellActivator,PowerShellActivator,PythonActivator
Requirement already satisfied: pandas in ./ft_env/lib/python3.8/site-packages (1.5.3)
Requirement already satisfied: pytz>=2020.1 in ./ft_env/lib/python3.8/site-packages (from pandas) (2022.7.1)
Requirement already satisfied: numpy>=1.20.3 in ./ft_env/lib/python3.8/site-packages (from pandas) (1.24.2)
Requirement already satisfied: python-dateutil>=2.8.1 in ./ft_env/lib/python3.8/site-packages (from pandas) (2.8.2)
Requirement already satisfied: six>=1.5 in ./ft_env/lib/python3.8/site-packages (from python-dateutil>=2.8.1->pandas) (1.16.0)
Requirement already satisfied: numpy in ./ft_env/lib/python3.8/site-packages (1.24.2)
Requirement already satisfied: matplotlib in ./ft_env/lib/python3.8/site-packages (3.6.3)
Requirement already satisfied: packaging>=20.0 in ./ft_env/lib/python3.8/site-packages (from matplotlib) (23.0)
Requirement already satisfied: numpy>=1.19 in ./ft_env/lib/python3.8/site-packages (from matplotlib) (1.24.2)
Requirement already satisfied: contourpy>=1.0.1 in ./ft_env/lib/python3.8/site-packages (from matplotlib) (1.0.7)
Requirement already satisfied: cycler>=0.10 in ./ft_env/lib/python3.8/site-packages (from matplotlib) (0.11.0)
Requirement already satisfied: python-dateutil>=2.7 in ./ft_env/lib/python3.8/site-packages (from matplotlib) (2.8.2)
Requirement already satisfied: fonttools>=4.22.0 in ./ft_env/lib/python3.8/site-packages (from matplotlib) (4.38.0)
Requirement already satisfied: kiwisolver>=1.0.1 in ./ft_env/lib/python3.8/site-packages (from matplotlib) (1.4.4)
Requirement already satisfied: pillow>=6.2.0 in ./ft_env/lib/python3.8/site-packages (from matplotlib) (9.4.0)
Requirement already satisfied: pyparsing>=2.2.1 in ./ft_env/lib/python3.8/site-packages (from matplotlib) (3.0.9)
Requirement already satisfied: six>=1.5 in ./ft_env/lib/python3.8/site-packages (from python-dateutil>=2.7->matplotlib) (1.16.0)
Requirement already satisfied: mne in ./ft_env/lib/python3.8/site-packages (1.3.0)
Requirement already satisfied: packaging in ./ft_env/lib/python3.8/site-packages (from mne) (23.0)
Requirement already satisfied: pooch>=1.5 in ./ft_env/lib/python3.8/site-packages (from mne) (1.6.0)
Requirement already satisfied: numpy>=1.15.4 in ./ft_env/lib/python3.8/site-packages (from mne) (1.24.2)
Requirement already satisfied: decorator in ./ft_env/lib/python3.8/site-packages (from mne) (5.1.1)
Requirement already satisfied: scipy>=1.1.0 in ./ft_env/lib/python3.8/site-packages (from mne) (1.10.0)
Requirement already satisfied: matplotlib in ./ft_env/lib/python3.8/site-packages (from mne) (3.6.3)
Requirement already satisfied: jinja2 in ./ft_env/lib/python3.8/site-packages (from mne) (3.1.2)
Requirement already satisfied: tqdm in ./ft_env/lib/python3.8/site-packages (from mne) (4.64.1)
Requirement already satisfied: appdirs>=1.3.0 in ./ft_env/lib/python3.8/site-packages (from pooch>=1.5->mne) (1.4.4)
Requirement already satisfied: requests>=2.19.0 in ./ft_env/lib/python3.8/site-packages (from pooch>=1.5->mne) (2.28.2)
Requirement already satisfied: MarkupSafe>=2.0 in ./ft_env/lib/python3.8/site-packages (from jinja2->mne) (2.1.2)
Requirement already satisfied: python-dateutil>=2.7 in ./ft_env/lib/python3.8/site-packages (from matplotlib->mne) (2.8.2)
Requirement already satisfied: pyparsing>=2.2.1 in ./ft_env/lib/python3.8/site-packages (from matplotlib->mne) (3.0.9)
Requirement already satisfied: contourpy>=1.0.1 in ./ft_env/lib/python3.8/site-packages (from matplotlib->mne) (1.0.7)
Requirement already satisfied: cycler>=0.10 in ./ft_env/lib/python3.8/site-packages (from matplotlib->mne) (0.11.0)
Requirement already satisfied: pillow>=6.2.0 in ./ft_env/lib/python3.8/site-packages (from matplotlib->mne) (9.4.0)
Requirement already satisfied: kiwisolver>=1.0.1 in ./ft_env/lib/python3.8/site-packages (from matplotlib->mne) (1.4.4)
Requirement already satisfied: fonttools>=4.22.0 in ./ft_env/lib/python3.8/site-packages (from matplotlib->mne) (4.38.0)
Requirement already satisfied: six>=1.5 in ./ft_env/lib/python3.8/site-packages (from python-dateutil>=2.7->matplotlib->mne) (1.16.0)
Requirement already satisfied: idna<4,>=2.5 in ./ft_env/lib/python3.8/site-packages (from requests>=2.19.0->pooch>=1.5->mne) (3.4)
Requirement already satisfied: urllib3<1.27,>=1.21.1 in ./ft_env/lib/python3.8/site-packages (from requests>=2.19.0->pooch>=1.5->mne) (1.26.14)
Requirement already satisfied: certifi>=2017.4.17 in ./ft_env/lib/python3.8/site-packages (from requests>=2.19.0->pooch>=1.5->mne) (2022.12.7)
Requirement already satisfied: charset-normalizer<4,>=2 in ./ft_env/lib/python3.8/site-packages (from requests>=2.19.0->pooch>=1.5->mne) (3.0.1)
/Users/kkim/42/3_total_perspective_vortex/kkim/ft_env/bin/python
